<?xml version="1.0" encoding="UTF-8"?>
<!-- Generated by org.testng.reporters.JUnitReportReporter -->
<testsuite hostname="ZHENHAIW4" name="testCases.Test1" tests="1" failures="0" timestamp="29 Jul 2016 10:50:28 GMT" time="9.977" errors="0">
  <testcase name="f" time="9.977" classname="testCases.Test1"/>
</testsuite> <!-- testCases.Test1 -->
