<?xml version="1.0" encoding="UTF-8"?>
<!-- Generated by org.testng.reporters.JUnitReportReporter -->
<testsuite hostname="ZHENHAIW4" name="com.outlook.testCases.Test1" tests="1" failures="0" timestamp="2 Aug 2016 01:59:20 GMT" time="11.197" errors="0">
  <testcase name="f" time="11.197" classname="com.outlook.testCases.Test1"/>
</testsuite> <!-- com.outlook.testCases.Test1 -->
